<?xml version="1.0" encoding="UTF-8"?>
<robot generator="Robot 7.4.1 (Python 3.13.1 on win32)" generated="2025-12-28T00:45:28.414674" rpa="false" schemaversion="5">
<suite id="s1" name="UAT001" source="Z:\SE\lab4\TestAutomationLab\UAT001.robot">
<test id="s1-t1" name="TC_002: Register Success" line="10">
<kw name="Evaluate" owner="BuiltIn">
<msg time="2025-12-28T00:45:28.705949" level="INFO">${chrome_options} = &lt;selenium.webdriver.chrome.options.Options object at 0x0000014F44C1F4D0&gt;</msg>
<var>${chrome_options}</var>
<arg>sys.modules['selenium.webdriver'].ChromeOptions()</arg>
<arg>sys</arg>
<doc>Evaluates the given expression in Python and returns the result.</doc>
<status status="PASS" start="2025-12-28T00:45:28.705429" elapsed="0.000565"/>
</kw>
<kw name="Set Variable" owner="BuiltIn">
<msg time="2025-12-28T00:45:28.706568" level="INFO">${chrome_options.binary_location} = Z:\SE\lab4\ChromeForTesting\chrome-win64\chrome.exe</msg>
<var>${chrome_options.binary_location}</var>
<arg>${CHROME_BROWSER_PATH}</arg>
<doc>Returns the given values which can then be assigned to a variables.</doc>
<status status="PASS" start="2025-12-28T00:45:28.706251" elapsed="0.000351"/>
</kw>
<kw name="Evaluate" owner="BuiltIn">
<msg time="2025-12-28T00:45:28.707338" level="INFO">${service} = &lt;selenium.webdriver.chrome.service.Service object at 0x0000014F44C1F0E0&gt;</msg>
<var>${service}</var>
<arg>sys.modules["selenium.webdriver.chrome.service"].Service(executable_path=r"${CHROME_DRIVER_PATH}")</arg>
<arg>sys, selenium.webdriver.chrome.service</arg>
<doc>Evaluates the given expression in Python and returns the result.</doc>
<status status="PASS" start="2025-12-28T00:45:28.706806" elapsed="0.000565"/>
</kw>
<kw name="Create Webdriver" owner="SeleniumLibrary">
<msg time="2025-12-28T00:45:28.707778" level="INFO">Creating an instance of the Chrome WebDriver.</msg>
<arg>Chrome</arg>
<arg>options=${chrome_options}</arg>
<arg>service=${service}</arg>
<doc>Creates an instance of Selenium WebDriver.</doc>
<status status="PASS" start="2025-12-28T00:45:28.707573" elapsed="1.098675"/>
</kw>
<kw name="Go To" owner="SeleniumLibrary">
<msg time="2025-12-28T00:45:29.806782" level="INFO">Opening url 'http://localhost:7272/Lab4/Registration.html'</msg>
<arg>${URL}</arg>
<doc>Navigates the current browser window to the provided ``url``.</doc>
<status status="PASS" start="2025-12-28T00:45:29.806589" elapsed="0.300605"/>
</kw>
<kw name="Input Text" owner="SeleniumLibrary">
<msg time="2025-12-28T00:45:30.107927" level="INFO">Typing text 'Somyod' into text field 'id=firstname'.</msg>
<msg time="2025-12-28T00:45:30.375424" level="INFO" html="true">&lt;/td&gt;&lt;/tr&gt;&lt;tr&gt;&lt;td colspan="3"&gt;&lt;a href="selenium-screenshot-3.png"&gt;&lt;img src="selenium-screenshot-3.png" width="800px"&gt;&lt;/a&gt;</msg>
<msg time="2025-12-28T00:45:30.375583" level="FAIL">Element with locator 'id=firstname' not found.</msg>
<arg>id=firstname</arg>
<arg>Somyod</arg>
<doc>Types the given ``text`` into the text field identified by ``locator``.</doc>
<status status="FAIL" start="2025-12-28T00:45:30.107532" elapsed="0.270652">Element with locator 'id=firstname' not found.</status>
</kw>
<kw name="Input Text" owner="SeleniumLibrary">
<arg>id=lastname</arg>
<arg>Sodsai</arg>
<doc>Types the given ``text`` into the text field identified by ``locator``.</doc>
<status status="NOT RUN" start="2025-12-28T00:45:30.378477" elapsed="0.000041"/>
</kw>
<kw name="Input Text" owner="SeleniumLibrary">
<arg>id=organization</arg>
<arg>CS KKU</arg>
<doc>Types the given ``text`` into the text field identified by ``locator``.</doc>
<status status="NOT RUN" start="2025-12-28T00:45:30.378688" elapsed="0.000030"/>
</kw>
<kw name="Input Text" owner="SeleniumLibrary">
<arg>id=email</arg>
<arg>somyod@kkumail.com</arg>
<doc>Types the given ``text`` into the text field identified by ``locator``.</doc>
<status status="NOT RUN" start="2025-12-28T00:45:30.378896" elapsed="0.000035"/>
</kw>
<kw name="Input Text" owner="SeleniumLibrary">
<arg>id=phone</arg>
<arg>091-001-1234</arg>
<doc>Types the given ``text`` into the text field identified by ``locator``.</doc>
<status status="NOT RUN" start="2025-12-28T00:45:30.379295" elapsed="0.000032"/>
</kw>
<kw name="Click Button" owner="SeleniumLibrary">
<arg>id=registerButton</arg>
<doc>Clicks the button identified by ``locator``.</doc>
<status status="NOT RUN" start="2025-12-28T00:45:30.379522" elapsed="0.000033"/>
</kw>
<kw name="Wait Until Page Contains" owner="SeleniumLibrary">
<arg>Success</arg>
<doc>Waits until ``text`` appears on the current page.</doc>
<status status="NOT RUN" start="2025-12-28T00:45:30.379746" elapsed="0.000033"/>
</kw>
<kw name="Title Should Be" owner="SeleniumLibrary">
<arg>Success</arg>
<doc>Verifies that the current page title equals ``title``.</doc>
<status status="NOT RUN" start="2025-12-28T00:45:30.379970" elapsed="0.000032"/>
</kw>
<kw name="Page Should Contain" owner="SeleniumLibrary">
<arg>Thank you for registering with us.</arg>
<doc>Verifies that current page contains ``text``.</doc>
<status status="NOT RUN" start="2025-12-28T00:45:30.380218" elapsed="0.000040"/>
</kw>
<kw name="Page Should Contain" owner="SeleniumLibrary">
<arg>We will send a confirmation to your email soon.</arg>
<doc>Verifies that current page contains ``text``.</doc>
<status status="NOT RUN" start="2025-12-28T00:45:30.380480" elapsed="0.000040"/>
</kw>
<kw name="Close Browser" owner="SeleniumLibrary" type="TEARDOWN">
<doc>Closes the current browser.</doc>
<status status="PASS" start="2025-12-28T00:45:30.380932" elapsed="2.282931"/>
</kw>
<status status="FAIL" start="2025-12-28T00:45:28.704468" elapsed="3.959638">Element with locator 'id=firstname' not found.</status>
</test>
<status status="FAIL" start="2025-12-28T00:45:28.416137" elapsed="4.248881"/>
</suite>
<statistics>
<total>
<stat pass="0" fail="1" skip="0">All Tests</stat>
</total>
<tag>
</tag>
<suite>
<stat name="UAT001" id="s1" pass="0" fail="1" skip="0">UAT001</stat>
</suite>
</statistics>
<errors>
</errors>
</robot>
