<?xml version="1.0" encoding="UTF-8"?>
<robot generator="Robot 7.4.1 (Python 3.13.1 on win32)" generated="2025-12-28T12:49:16.391759" rpa="false" schemaversion="5">
<suite id="s1" name="UAT001" source="Z:\SE\lab4\TestAutomationLab\RobotTest\UAT001.robot">
<test id="s1-t1" name="TC_002: Register Success" line="12">
<kw name="Evaluate" owner="BuiltIn">
<msg time="2025-12-28T12:49:16.671584" level="INFO">${chrome_options} = &lt;selenium.webdriver.chrome.options.Options object at 0x000001F69B55F4D0&gt;</msg>
<var>${chrome_options}</var>
<arg>sys.modules['selenium.webdriver'].ChromeOptions()</arg>
<arg>sys</arg>
<doc>Evaluates the given expression in Python and returns the result.</doc>
<status status="PASS" start="2025-12-28T12:49:16.671004" elapsed="0.000624"/>
</kw>
<kw name="Set Variable" owner="BuiltIn">
<msg time="2025-12-28T12:49:16.672208" level="INFO">${chrome_options.binary_location} = Z:\SE\lab4\ChromeForTesting\chrome-win64\chrome.exe</msg>
<var>${chrome_options.binary_location}</var>
<arg>${CHROME_BROWSER_PATH}</arg>
<doc>Returns the given values which can then be assigned to a variables.</doc>
<status status="PASS" start="2025-12-28T12:49:16.671896" elapsed="0.000347"/>
</kw>
<kw name="Evaluate" owner="BuiltIn">
<msg time="2025-12-28T12:49:16.672977" level="INFO">${service} = &lt;selenium.webdriver.chrome.service.Service object at 0x000001F69B55F0E0&gt;</msg>
<var>${service}</var>
<arg>sys.modules["selenium.webdriver.chrome.service"].Service(executable_path=r"${CHROME_DRIVER_PATH}")</arg>
<arg>sys, selenium.webdriver.chrome.service</arg>
<doc>Evaluates the given expression in Python and returns the result.</doc>
<status status="PASS" start="2025-12-28T12:49:16.672445" elapsed="0.000564"/>
</kw>
<kw name="Create Webdriver" owner="SeleniumLibrary">
<msg time="2025-12-28T12:49:16.673414" level="INFO">Creating an instance of the Chrome WebDriver.</msg>
<arg>Chrome</arg>
<arg>options=${chrome_options}</arg>
<arg>service=${service}</arg>
<doc>Creates an instance of Selenium WebDriver.</doc>
<status status="PASS" start="2025-12-28T12:49:16.673210" elapsed="1.134127"/>
</kw>
<kw name="Go To" owner="SeleniumLibrary">
<msg time="2025-12-28T12:49:17.807996" level="INFO">Opening url 'http://localhost:7272/Registration.html'</msg>
<arg>${URL}</arg>
<doc>Navigates the current browser window to the provided ``url``.</doc>
<status status="PASS" start="2025-12-28T12:49:17.807820" elapsed="0.292948"/>
</kw>
<kw name="Input Text" owner="SeleniumLibrary">
<msg time="2025-12-28T12:49:18.101447" level="INFO">Typing text 'Somyod' into text field 'id=firstname'.</msg>
<arg>id=firstname</arg>
<arg>Somyod</arg>
<doc>Types the given ``text`` into the text field identified by ``locator``.</doc>
<status status="PASS" start="2025-12-28T12:49:18.101069" elapsed="0.084363"/>
</kw>
<kw name="Input Text" owner="SeleniumLibrary">
<msg time="2025-12-28T12:49:18.185983" level="INFO">Typing text 'Sodsai' into text field 'id=lastname'.</msg>
<arg>id=lastname</arg>
<arg>Sodsai</arg>
<doc>Types the given ``text`` into the text field identified by ``locator``.</doc>
<status status="PASS" start="2025-12-28T12:49:18.185754" elapsed="0.051529"/>
</kw>
<kw name="Input Text" owner="SeleniumLibrary">
<msg time="2025-12-28T12:49:18.237730" level="INFO">Typing text 'CS KKU' into text field 'id=organization'.</msg>
<arg>id=organization</arg>
<arg>CS KKU</arg>
<doc>Types the given ``text`` into the text field identified by ``locator``.</doc>
<status status="PASS" start="2025-12-28T12:49:18.237535" elapsed="0.050804"/>
</kw>
<kw name="Input Text" owner="SeleniumLibrary">
<msg time="2025-12-28T12:49:18.288782" level="INFO">Typing text 'somyod@kkumail.com' into text field 'id=email'.</msg>
<arg>id=email</arg>
<arg>somyod@kkumail.com</arg>
<doc>Types the given ``text`` into the text field identified by ``locator``.</doc>
<status status="PASS" start="2025-12-28T12:49:18.288588" elapsed="0.057176"/>
</kw>
<kw name="Input Text" owner="SeleniumLibrary">
<msg time="2025-12-28T12:49:18.346475" level="INFO">Typing text '091-001-1234' into text field 'id=phone'.</msg>
<arg>id=phone</arg>
<arg>091-001-1234</arg>
<doc>Types the given ``text`` into the text field identified by ``locator``.</doc>
<status status="PASS" start="2025-12-28T12:49:18.346278" elapsed="0.076344"/>
</kw>
<kw name="Click Button" owner="SeleniumLibrary">
<msg time="2025-12-28T12:49:18.423086" level="INFO">Clicking button 'id=registerButton'.</msg>
<arg>id=registerButton</arg>
<doc>Clicks the button identified by ``locator``.</doc>
<status status="PASS" start="2025-12-28T12:49:18.422893" elapsed="0.339886"/>
</kw>
<kw name="Wait Until Page Contains" owner="SeleniumLibrary">
<arg>Success</arg>
<doc>Waits until ``text`` appears on the current page.</doc>
<status status="PASS" start="2025-12-28T12:49:18.763098" elapsed="0.009944"/>
</kw>
<kw name="Title Should Be" owner="SeleniumLibrary">
<msg time="2025-12-28T12:49:18.777524" level="INFO">Page title is 'Success'.</msg>
<arg>Success</arg>
<doc>Verifies that the current page title equals ``title``.</doc>
<status status="PASS" start="2025-12-28T12:49:18.773343" elapsed="0.004264"/>
</kw>
<kw name="Page Should Contain" owner="SeleniumLibrary">
<msg time="2025-12-28T12:49:18.787577" level="INFO">Current page contains text 'Thank you for registering with us.'.</msg>
<arg>Thank you for registering with us.</arg>
<doc>Verifies that current page contains ``text``.</doc>
<status status="PASS" start="2025-12-28T12:49:18.777868" elapsed="0.009796"/>
</kw>
<kw name="Page Should Contain" owner="SeleniumLibrary">
<msg time="2025-12-28T12:49:18.798299" level="INFO">Current page contains text 'We will send a confirmation to your email soon.'.</msg>
<arg>We will send a confirmation to your email soon.</arg>
<doc>Verifies that current page contains ``text``.</doc>
<status status="PASS" start="2025-12-28T12:49:18.787949" elapsed="0.010433"/>
</kw>
<kw name="Close Browser" owner="SeleniumLibrary" type="TEARDOWN">
<doc>Closes the current browser.</doc>
<status status="PASS" start="2025-12-28T12:49:18.798763" elapsed="2.256801"/>
</kw>
<status status="PASS" start="2025-12-28T12:49:16.670144" elapsed="4.385654"/>
</test>
<status status="PASS" start="2025-12-28T12:49:16.393359" elapsed="4.663309"/>
</suite>
<statistics>
<total>
<stat pass="1" fail="0" skip="0">All Tests</stat>
</total>
<tag>
</tag>
<suite>
<stat name="UAT001" id="s1" pass="1" fail="0" skip="0">UAT001</stat>
</suite>
</statistics>
<errors>
</errors>
</robot>
